Arguments: 
  /home/jones/.nvm/versions/node/v18.19.0/bin/node /usr/share/yarn/bin/yarn.js typeorm

PATH: 
  /home/jones/.nvm/versions/node/v18.19.0/bin:/usr/local/sbin:/usr/local/bin:/usr/sbin:/usr/bin:/sbin:/bin:/usr/games:/usr/local/games:/snap/bin:/snap/bin

Yarn version: 
  1.22.19

Node version: 
  18.19.0

Platform: 
  linux x64

Trace: 
  SyntaxError: /home/jones/Documentos/rentx-NativeROCKETSEAT/server/package.json: Unexpected token / in JSON at position 319
      at JSON.parse (<anonymous>)
      at /usr/share/yarn/lib/cli.js:1629:59
      at Generator.next (<anonymous>)
      at step (/usr/share/yarn/lib/cli.js:310:30)
      at /usr/share/yarn/lib/cli.js:321:13

npm manifest: 
  {
    "name": "server",
    "version": "1.0.0",
    "main": "index.js",
    "scripts": {
      "dev": "tsx watch src/server.ts",
      "typeorm": "ts-node-dev -r tsconfig-paths/register migration:create ./node_modules/typeorm/cli.js",
      "migration:run": "typeorm-ts-node-commonjs -d ./src/data-source.ts migration:run"
    },
  
      // npx typeorm migration:create ./src/migrations/create
  
    "license": "MIT",
    "dependencies": {
      "@types/multer": "^1.4.11",
      "csv-parse": "^5.5.3",
      "express": "^4.18.2",
      "multer": "^1.4.5-lts.1",
      "pg": "^8.11.3",
      "reflect-metadata": "^0.1.13",
      "swagger-ui-express": "^5.0.0",
      "ts-node-dev": "^2.0.0",
      "tsx": "^4.7.0",
      "typeorm": "^0.3.7",
      "uuid": "^9.0.1"
    },
    "devDependencies": {
      "@rocketseat/eslint-config": "^2.1.0",
      "@types/csv-parse": "^1.2.2",
      "@types/express": "^4.17.21",
      "@types/swagger-ui-express": "^4.1.6",
      "@types/uuid": "^9.0.7",
      "eslint": "^8.56.0",
      "typescript": "^5.3.3"
    }
  }

yarn manifest: 
  No manifest

Lockfile: 
  No lockfile
